<?xml version="1.0" encoding="UTF-8"?>
<!-- Generated by org.testng.reporters.JUnitReportReporter -->
<testsuite hostname="DESKTOP-L8QLF8S" failures="0" tests="1" name="TESTCASES.LoginTC1" time="10.337" errors="0" timestamp="2023-01-07T15:53:18 IST" skipped="0">
  <testcase classname="TESTCASES.LoginTC1" name="test" time="10.337"/>
  <system-out/>
</testsuite> <!-- TESTCASES.LoginTC1 -->
