<?xml version="1.0" encoding="UTF-8"?>
<!-- Generated by org.testng.reporters.JUnitReportReporter -->
<testsuite hostname="DESKTOP-L8QLF8S" failures="0" tests="2" name="TESTCASES.SelectoneitemTC" time="18.318" errors="0" timestamp="2023-01-18T16:04:39 IST" skipped="0">
  <testcase classname="TESTCASES.SelectoneitemTC" name="test1" time="8.047"/>
  <system-out>
    <![CDATA[===== Select One Item =======,true]]>
  </system-out>
  <testcase classname="TESTCASES.SelectoneitemTC" name="test" time="10.271"/>
  <system-out>
    <![CDATA[=====Login Session Started=======,true]]>
  </system-out>
</testsuite> <!-- TESTCASES.SelectoneitemTC -->
