<?xml version="1.0" encoding="UTF-8"?>
<!-- Generated by org.testng.reporters.JUnitReportReporter -->
<testsuite hostname="DESKTOP-L8QLF8S" failures="0" tests="5" name="TESTCASES.DropDownTC_1" time="20.260" errors="0" timestamp="2023-01-07T16:13:49 IST" skipped="0">
  <testcase classname="TESTCASES.DropDownTC_1" name="test2" time="3.446"/>
  <system-out/>
  <testcase classname="TESTCASES.DropDownTC_1" name="test4" time="3.323"/>
  <system-out/>
  <testcase classname="TESTCASES.DropDownTC_1" name="test" time="9.626"/>
  <system-out/>
  <testcase classname="TESTCASES.DropDownTC_1" name="test1" time="0.447"/>
  <system-out/>
  <testcase classname="TESTCASES.DropDownTC_1" name="test3" time="3.418"/>
  <system-out/>
</testsuite> <!-- TESTCASES.DropDownTC_1 -->
